mode: set
github.com/tragoedia0722/repository/pkg/helper/helper.go:16.44,17.20 1 1
github.com/tragoedia0722/repository/pkg/helper/helper.go:17.20,19.3 1 1
github.com/tragoedia0722/repository/pkg/helper/helper.go:21.2,21.43 1 1
github.com/tragoedia0722/repository/pkg/helper/helper.go:21.43,22.10 1 1
github.com/tragoedia0722/repository/pkg/helper/helper.go:23.35,24.13 1 1
github.com/tragoedia0722/repository/pkg/helper/helper.go:25.35,26.13 1 1
github.com/tragoedia0722/repository/pkg/helper/helper.go:28.50,29.13 1 1
github.com/tragoedia0722/repository/pkg/helper/helper.go:30.35,31.13 1 1
github.com/tragoedia0722/repository/pkg/helper/helper.go:33.20,34.14 1 1
github.com/tragoedia0722/repository/pkg/helper/helper.go:35.20,36.14 1 1
github.com/tragoedia0722/repository/pkg/helper/helper.go:37.35,38.14 1 0
github.com/tragoedia0722/repository/pkg/helper/helper.go:39.50,40.14 1 0
github.com/tragoedia0722/repository/pkg/helper/helper.go:42.20,43.13 1 0
github.com/tragoedia0722/repository/pkg/helper/helper.go:44.20,45.13 1 0
github.com/tragoedia0722/repository/pkg/helper/helper.go:46.20,47.13 1 0
github.com/tragoedia0722/repository/pkg/helper/helper.go:48.20,49.13 1 0
github.com/tragoedia0722/repository/pkg/helper/helper.go:51.35,52.14 1 0
github.com/tragoedia0722/repository/pkg/helper/helper.go:54.46,55.14 1 1
github.com/tragoedia0722/repository/pkg/helper/helper.go:57.39,58.13 1 1
github.com/tragoedia0722/repository/pkg/helper/helper.go:60.28,61.13 1 1
github.com/tragoedia0722/repository/pkg/helper/helper.go:64.3,64.11 1 1
github.com/tragoedia0722/repository/pkg/helper/helper.go:67.2,76.19 6 1
github.com/tragoedia0722/repository/pkg/helper/helper.go:76.19,78.3 1 0
github.com/tragoedia0722/repository/pkg/helper/helper.go:80.2,80.16 1 1
github.com/tragoedia0722/repository/pkg/helper/helper.go:83.50,84.20 1 1
github.com/tragoedia0722/repository/pkg/helper/helper.go:84.20,86.3 1 1
github.com/tragoedia0722/repository/pkg/helper/helper.go:88.2,92.94 4 1
github.com/tragoedia0722/repository/pkg/helper/helper.go:92.94,95.3 2 1
github.com/tragoedia0722/repository/pkg/helper/helper.go:97.2,97.41 1 1
github.com/tragoedia0722/repository/pkg/helper/helper.go:97.41,98.33 1 1
github.com/tragoedia0722/repository/pkg/helper/helper.go:98.33,100.21 2 1
github.com/tragoedia0722/repository/pkg/helper/helper.go:100.21,102.5 1 1
github.com/tragoedia0722/repository/pkg/helper/helper.go:103.4,103.43 1 1
github.com/tragoedia0722/repository/pkg/helper/helper.go:107.2,107.17 1 1
github.com/tragoedia0722/repository/pkg/helper/helper.go:110.62,111.32 1 1
github.com/tragoedia0722/repository/pkg/helper/helper.go:111.32,113.3 1 1
github.com/tragoedia0722/repository/pkg/helper/helper.go:115.2,116.50 2 1
github.com/tragoedia0722/repository/pkg/helper/helper.go:116.50,118.3 1 1
github.com/tragoedia0722/repository/pkg/helper/helper.go:120.2,126.35 5 1
github.com/tragoedia0722/repository/pkg/helper/helper.go:126.35,128.3 1 1
github.com/tragoedia0722/repository/pkg/helper/helper.go:130.2,130.35 1 1
github.com/tragoedia0722/repository/pkg/validator/validator.go:29.64,35.2 2 1
github.com/tragoedia0722/repository/pkg/validator/validator.go:37.101,45.16 3 1
github.com/tragoedia0722/repository/pkg/validator/validator.go:45.16,47.3 1 1
github.com/tragoedia0722/repository/pkg/validator/validator.go:49.2,50.32 2 1
github.com/tragoedia0722/repository/pkg/validator/validator.go:50.32,52.16 2 1
github.com/tragoedia0722/repository/pkg/validator/validator.go:52.16,55.12 3 1
github.com/tragoedia0722/repository/pkg/validator/validator.go:58.3,59.16 2 1
github.com/tragoedia0722/repository/pkg/validator/validator.go:59.16,61.12 2 0
github.com/tragoedia0722/repository/pkg/validator/validator.go:64.3,64.11 1 1
github.com/tragoedia0722/repository/pkg/validator/validator.go:64.11,66.4 1 1
github.com/tragoedia0722/repository/pkg/validator/validator.go:67.3,67.26 1 1
github.com/tragoedia0722/repository/pkg/validator/validator.go:70.2,72.16 3 1
github.com/tragoedia0722/repository/pkg/validator/validator.go:72.16,76.3 3 1
github.com/tragoedia0722/repository/pkg/validator/validator.go:78.2,80.42 2 0
github.com/tragoedia0722/repository/pkg/validator/validator.go:80.42,81.30 1 0
github.com/tragoedia0722/repository/pkg/validator/validator.go:81.30,83.4 1 0
github.com/tragoedia0722/repository/pkg/validator/validator.go:86.2,89.20 3 0
github.com/tragoedia0722/repository/pkg/validator/validator.go:92.114,95.100 2 1
github.com/tragoedia0722/repository/pkg/validator/validator.go:95.100,97.29 2 1
github.com/tragoedia0722/repository/pkg/validator/validator.go:97.29,99.4 1 0
github.com/tragoedia0722/repository/pkg/validator/validator.go:100.3,102.57 2 1
github.com/tragoedia0722/repository/pkg/validator/validator.go:102.57,104.4 1 1
github.com/tragoedia0722/repository/pkg/validator/validator.go:106.3,106.14 1 1
github.com/tragoedia0722/repository/pkg/validator/validator.go:109.2,109.23 1 1
github.com/tragoedia0722/repository/internal/storage/config.go:22.13,29.2 1 1
github.com/tragoedia0722/repository/internal/storage/config.go:31.81,33.9 2 1
github.com/tragoedia0722/repository/internal/storage/config.go:33.9,35.3 1 1
github.com/tragoedia0722/repository/internal/storage/config.go:37.2,38.9 2 1
github.com/tragoedia0722/repository/internal/storage/config.go:38.9,40.3 1 1
github.com/tragoedia0722/repository/internal/storage/config.go:42.2,42.19 1 1
github.com/tragoedia0722/repository/internal/storage/flatfs.go:16.53,22.2 1 1
github.com/tragoedia0722/repository/internal/storage/flatfs.go:24.72,26.24 2 1
github.com/tragoedia0722/repository/internal/storage/flatfs.go:26.24,28.3 1 1
github.com/tragoedia0722/repository/internal/storage/flatfs.go:30.2,30.51 1 1
github.com/tragoedia0722/repository/internal/storage/flatfs.go:33.84,35.9 2 1
github.com/tragoedia0722/repository/internal/storage/flatfs.go:35.9,37.3 1 0
github.com/tragoedia0722/repository/internal/storage/flatfs.go:39.2,40.9 2 1
github.com/tragoedia0722/repository/internal/storage/flatfs.go:40.9,42.3 1 0
github.com/tragoedia0722/repository/internal/storage/flatfs.go:44.2,45.16 2 1
github.com/tragoedia0722/repository/internal/storage/flatfs.go:45.16,47.3 1 0
github.com/tragoedia0722/repository/internal/storage/flatfs.go:49.2,50.9 2 1
github.com/tragoedia0722/repository/internal/storage/flatfs.go:50.9,52.3 1 0
github.com/tragoedia0722/repository/internal/storage/flatfs.go:54.2,58.8 1 1
github.com/tragoedia0722/repository/internal/storage/helper.go:9.34,10.55 1 1
github.com/tragoedia0722/repository/internal/storage/helper.go:10.55,12.3 1 0
github.com/tragoedia0722/repository/internal/storage/helper.go:14.2,14.78 1 1
github.com/tragoedia0722/repository/internal/storage/helper.go:14.78,17.3 2 1
github.com/tragoedia0722/repository/internal/storage/helper.go:17.8,19.3 1 1
github.com/tragoedia0722/repository/internal/storage/helper.go:21.2,21.12 1 1
github.com/tragoedia0722/repository/internal/storage/helper.go:24.48,26.2 1 1
github.com/tragoedia0722/repository/internal/storage/helper.go:28.39,30.16 2 1
github.com/tragoedia0722/repository/internal/storage/helper.go:30.16,32.3 1 1
github.com/tragoedia0722/repository/internal/storage/helper.go:34.2,34.22 1 1
github.com/tragoedia0722/repository/internal/storage/leveldb.go:16.85,18.9 2 1
github.com/tragoedia0722/repository/internal/storage/leveldb.go:18.9,20.3 1 0
github.com/tragoedia0722/repository/internal/storage/leveldb.go:22.2,23.41 2 1
github.com/tragoedia0722/repository/internal/storage/leveldb.go:24.14,25.38 1 1
github.com/tragoedia0722/repository/internal/storage/leveldb.go:26.16,27.42 1 0
github.com/tragoedia0722/repository/internal/storage/leveldb.go:28.15,29.43 1 1
github.com/tragoedia0722/repository/internal/storage/leveldb.go:30.10,31.71 1 0
github.com/tragoedia0722/repository/internal/storage/leveldb.go:34.2,37.8 1 1
github.com/tragoedia0722/repository/internal/storage/leveldb.go:40.54,45.2 1 1
github.com/tragoedia0722/repository/internal/storage/leveldb.go:47.73,49.24 2 1
github.com/tragoedia0722/repository/internal/storage/leveldb.go:49.24,51.3 1 1
github.com/tragoedia0722/repository/internal/storage/leveldb.go:53.2,55.4 1 1
github.com/tragoedia0722/repository/internal/storage/measure.go:14.85,16.9 2 1
github.com/tragoedia0722/repository/internal/storage/measure.go:16.9,18.3 1 0
github.com/tragoedia0722/repository/internal/storage/measure.go:20.2,21.16 2 1
github.com/tragoedia0722/repository/internal/storage/measure.go:21.16,23.3 1 0
github.com/tragoedia0722/repository/internal/storage/measure.go:25.2,26.9 2 1
github.com/tragoedia0722/repository/internal/storage/measure.go:26.9,28.3 1 0
github.com/tragoedia0722/repository/internal/storage/measure.go:30.2,30.52 1 1
github.com/tragoedia0722/repository/internal/storage/measure.go:33.54,35.2 1 1
github.com/tragoedia0722/repository/internal/storage/measure.go:37.73,39.16 2 1
github.com/tragoedia0722/repository/internal/storage/measure.go:39.16,41.3 1 0
github.com/tragoedia0722/repository/internal/storage/measure.go:43.2,43.42 1 1
github.com/tragoedia0722/repository/internal/storage/mount.go:20.83,24.9 3 1
github.com/tragoedia0722/repository/internal/storage/mount.go:24.9,26.3 1 0
github.com/tragoedia0722/repository/internal/storage/mount.go:28.2,28.31 1 1
github.com/tragoedia0722/repository/internal/storage/mount.go:28.31,30.11 2 1
github.com/tragoedia0722/repository/internal/storage/mount.go:30.11,32.4 1 0
github.com/tragoedia0722/repository/internal/storage/mount.go:34.3,35.17 2 1
github.com/tragoedia0722/repository/internal/storage/mount.go:35.17,37.4 1 0
github.com/tragoedia0722/repository/internal/storage/mount.go:39.3,40.13 2 1
github.com/tragoedia0722/repository/internal/storage/mount.go:40.13,42.4 1 0
github.com/tragoedia0722/repository/internal/storage/mount.go:44.3,47.5 1 1
github.com/tragoedia0722/repository/internal/storage/mount.go:50.2,51.23 1 1
github.com/tragoedia0722/repository/internal/storage/mount.go:51.23,53.4 1 1
github.com/tragoedia0722/repository/internal/storage/mount.go:55.2,55.18 1 1
github.com/tragoedia0722/repository/internal/storage/mount.go:58.52,62.29 3 1
github.com/tragoedia0722/repository/internal/storage/mount.go:62.29,64.16 2 1
github.com/tragoedia0722/repository/internal/storage/mount.go:64.16,66.4 1 0
github.com/tragoedia0722/repository/internal/storage/mount.go:68.3,69.17 2 1
github.com/tragoedia0722/repository/internal/storage/mount.go:72.2,74.12 2 1
github.com/tragoedia0722/repository/internal/storage/mount.go:77.71,80.29 2 1
github.com/tragoedia0722/repository/internal/storage/mount.go:80.29,82.17 2 1
github.com/tragoedia0722/repository/internal/storage/mount.go:82.17,84.4 1 0
github.com/tragoedia0722/repository/internal/storage/mount.go:86.3,87.30 2 1
github.com/tragoedia0722/repository/internal/storage/mount.go:90.2,90.31 1 1
github.com/tragoedia0722/repository/internal/storage/spec.go:10.33,37.2 1 1
github.com/tragoedia0722/repository/internal/storage/spec.go:39.34,41.16 2 1
github.com/tragoedia0722/repository/internal/storage/spec.go:41.16,42.13 1 0
github.com/tragoedia0722/repository/internal/storage/spec.go:45.2,45.27 1 1
github.com/tragoedia0722/repository/internal/storage/spec.go:48.35,50.2 1 1
github.com/tragoedia0722/repository/internal/storage/storage.go:29.41,34.2 3 1
github.com/tragoedia0722/repository/internal/storage/storage.go:36.72,38.2 1 1
github.com/tragoedia0722/repository/internal/storage/storage.go:40.33,44.14 3 1
github.com/tragoedia0722/repository/internal/storage/storage.go:44.14,46.3 1 1
github.com/tragoedia0722/repository/internal/storage/storage.go:48.2,50.37 2 1
github.com/tragoedia0722/repository/internal/storage/storage.go:50.37,52.3 1 0
github.com/tragoedia0722/repository/internal/storage/storage.go:54.2,57.19 3 1
github.com/tragoedia0722/repository/internal/storage/storage.go:57.19,59.3 1 0
github.com/tragoedia0722/repository/internal/storage/storage.go:61.2,61.12 1 1
github.com/tragoedia0722/repository/internal/storage/storage.go:64.35,68.14 3 1
github.com/tragoedia0722/repository/internal/storage/storage.go:68.14,70.3 1 1
github.com/tragoedia0722/repository/internal/storage/storage.go:72.2,72.37 1 1
github.com/tragoedia0722/repository/internal/storage/storage.go:72.37,74.3 1 0
github.com/tragoedia0722/repository/internal/storage/storage.go:76.2,79.16 3 1
github.com/tragoedia0722/repository/internal/storage/storage.go:79.16,81.3 1 0
github.com/tragoedia0722/repository/internal/storage/storage.go:83.2,83.29 1 1
github.com/tragoedia0722/repository/internal/storage/storage.go:86.48,87.58 1 1
github.com/tragoedia0722/repository/internal/storage/storage.go:87.58,89.3 1 0
github.com/tragoedia0722/repository/internal/storage/storage.go:91.2,91.19 1 1
github.com/tragoedia0722/repository/internal/storage/storage.go:94.63,96.26 2 1
github.com/tragoedia0722/repository/internal/storage/storage.go:96.26,98.3 1 1
github.com/tragoedia0722/repository/internal/storage/storage.go:100.2,101.16 2 1
github.com/tragoedia0722/repository/internal/storage/storage.go:101.16,103.3 1 0
github.com/tragoedia0722/repository/internal/storage/storage.go:105.2,107.45 2 1
github.com/tragoedia0722/repository/internal/storage/storage.go:110.42,112.16 2 1
github.com/tragoedia0722/repository/internal/storage/storage.go:112.16,114.3 1 0
github.com/tragoedia0722/repository/internal/storage/storage.go:116.2,122.16 5 1
github.com/tragoedia0722/repository/internal/storage/storage.go:122.16,124.3 1 0
github.com/tragoedia0722/repository/internal/storage/storage.go:125.2,127.23 2 1
github.com/tragoedia0722/repository/internal/storage/storage.go:127.23,128.16 1 1
github.com/tragoedia0722/repository/internal/storage/storage.go:128.16,130.4 1 0
github.com/tragoedia0722/repository/internal/storage/storage.go:133.2,133.40 1 1
github.com/tragoedia0722/repository/internal/storage/storage.go:133.40,135.3 1 0
github.com/tragoedia0722/repository/internal/storage/storage.go:137.2,137.41 1 1
github.com/tragoedia0722/repository/internal/storage/storage.go:137.41,139.3 1 0
github.com/tragoedia0722/repository/internal/storage/storage.go:141.2,141.15 1 1
github.com/tragoedia0722/repository/internal/storage/storage.go:144.48,145.16 1 1
github.com/tragoedia0722/repository/internal/storage/storage.go:145.16,147.3 1 1
github.com/tragoedia0722/repository/internal/storage/storage.go:149.2,150.16 2 1
github.com/tragoedia0722/repository/internal/storage/storage.go:150.16,152.3 1 0
github.com/tragoedia0722/repository/internal/storage/storage.go:154.2,154.37 1 1
github.com/tragoedia0722/repository/internal/storage/storage.go:157.41,159.16 2 1
github.com/tragoedia0722/repository/internal/storage/storage.go:159.16,161.3 1 0
github.com/tragoedia0722/repository/internal/storage/storage.go:162.2,165.16 3 1
github.com/tragoedia0722/repository/internal/storage/storage.go:165.16,167.3 1 0
github.com/tragoedia0722/repository/internal/storage/storage.go:169.2,169.30 1 1
github.com/tragoedia0722/repository/internal/storage/storage.go:169.30,172.3 1 0
github.com/tragoedia0722/repository/internal/storage/storage.go:174.2,175.16 2 1
github.com/tragoedia0722/repository/internal/storage/storage.go:175.16,177.3 1 0
github.com/tragoedia0722/repository/internal/storage/storage.go:179.2,180.12 2 1
github.com/tragoedia0722/repository/internal/storage/storage.go:183.46,187.16 3 1
github.com/tragoedia0722/repository/internal/storage/storage.go:187.16,189.3 1 1
github.com/tragoedia0722/repository/internal/storage/storage.go:191.2,191.42 1 1
github.com/tragoedia0722/repository/internal/storage/storage.go:194.64,196.16 2 1
github.com/tragoedia0722/repository/internal/storage/storage.go:196.16,197.22 1 0
github.com/tragoedia0722/repository/internal/storage/storage.go:197.22,199.4 1 0
github.com/tragoedia0722/repository/internal/storage/storage.go:201.3,201.18 1 0
github.com/tragoedia0722/repository/internal/storage/storage.go:204.2,205.51 2 1
github.com/tragoedia0722/repository/internal/storage/storage.go:205.51,209.3 3 0
github.com/tragoedia0722/repository/internal/storage/storage.go:211.2,211.22 1 1
github.com/tragoedia0722/repository/internal/storage/storage.go:214.41,215.23 1 1
github.com/tragoedia0722/repository/internal/storage/storage.go:215.23,216.44 1 1
github.com/tragoedia0722/repository/internal/storage/storage.go:216.44,218.4 1 0
github.com/tragoedia0722/repository/internal/storage/storage.go:220.3,221.68 2 1
github.com/tragoedia0722/repository/internal/storage/storage.go:221.68,223.4 1 0
github.com/tragoedia0722/repository/internal/storage/storage.go:225.2,225.12 1 1
github.com/tragoedia0722/repository/internal/storage/storage.go:228.48,229.19 1 1
github.com/tragoedia0722/repository/internal/storage/storage.go:229.19,231.3 1 0
github.com/tragoedia0722/repository/pkg/repository/repository.go:23.54,24.49 1 1
github.com/tragoedia0722/repository/pkg/repository/repository.go:24.49,25.55 1 1
github.com/tragoedia0722/repository/pkg/repository/repository.go:25.55,27.4 1 0
github.com/tragoedia0722/repository/pkg/repository/repository.go:30.2,31.16 2 1
github.com/tragoedia0722/repository/pkg/repository/repository.go:31.16,33.3 1 0
github.com/tragoedia0722/repository/pkg/repository/repository.go:35.2,43.8 1 1
github.com/tragoedia0722/repository/pkg/repository/repository.go:47.57,49.2 1 1
github.com/tragoedia0722/repository/pkg/repository/repository.go:51.52,53.2 1 1
github.com/tragoedia0722/repository/pkg/repository/repository.go:55.65,57.2 1 1
github.com/tragoedia0722/repository/pkg/repository/repository.go:59.36,60.22 1 1
github.com/tragoedia0722/repository/pkg/repository/repository.go:60.22,62.3 1 0
github.com/tragoedia0722/repository/pkg/repository/repository.go:64.2,64.26 1 1
github.com/tragoedia0722/repository/pkg/repository/repository.go:67.38,68.22 1 1
github.com/tragoedia0722/repository/pkg/repository/repository.go:68.22,70.3 1 0
github.com/tragoedia0722/repository/pkg/repository/repository.go:72.2,72.28 1 1
github.com/tragoedia0722/repository/pkg/repository/repository.go:75.91,77.16 2 1
github.com/tragoedia0722/repository/pkg/repository/repository.go:77.16,79.3 1 1
github.com/tragoedia0722/repository/pkg/repository/repository.go:81.2,82.16 2 1
github.com/tragoedia0722/repository/pkg/repository/repository.go:82.16,84.3 1 0
github.com/tragoedia0722/repository/pkg/repository/repository.go:86.2,87.16 2 1
github.com/tragoedia0722/repository/pkg/repository/repository.go:87.16,89.3 1 0
github.com/tragoedia0722/repository/pkg/repository/repository.go:91.2,91.12 1 1
github.com/tragoedia0722/repository/pkg/repository/repository.go:94.85,96.16 2 1
github.com/tragoedia0722/repository/pkg/repository/repository.go:96.16,98.3 1 0
github.com/tragoedia0722/repository/pkg/repository/repository.go:100.2,101.16 2 1
github.com/tragoedia0722/repository/pkg/repository/repository.go:101.16,103.3 1 0
github.com/tragoedia0722/repository/pkg/repository/repository.go:105.2,106.16 2 1
github.com/tragoedia0722/repository/pkg/repository/repository.go:106.16,108.3 1 0
github.com/tragoedia0722/repository/pkg/repository/repository.go:110.2,110.18 1 1
github.com/tragoedia0722/repository/pkg/repository/repository.go:113.94,117.26 3 1
github.com/tragoedia0722/repository/pkg/repository/repository.go:117.26,119.17 2 1
github.com/tragoedia0722/repository/pkg/repository/repository.go:119.17,121.4 1 0
github.com/tragoedia0722/repository/pkg/repository/repository.go:122.3,125.17 3 1
github.com/tragoedia0722/repository/pkg/repository/repository.go:125.17,127.4 1 0
github.com/tragoedia0722/repository/pkg/repository/repository.go:128.3,128.27 1 1
github.com/tragoedia0722/repository/pkg/repository/repository.go:131.2,132.16 2 1
github.com/tragoedia0722/repository/pkg/repository/repository.go:132.16,134.3 1 0
github.com/tragoedia0722/repository/pkg/repository/repository.go:136.2,136.18 1 1
github.com/tragoedia0722/repository/pkg/repository/repository.go:139.78,141.16 2 1
github.com/tragoedia0722/repository/pkg/repository/repository.go:141.16,143.3 1 1
github.com/tragoedia0722/repository/pkg/repository/repository.go:145.2,145.33 1 1
github.com/tragoedia0722/repository/pkg/repository/repository.go:148.85,149.27 1 1
github.com/tragoedia0722/repository/pkg/repository/repository.go:149.27,151.17 2 1
github.com/tragoedia0722/repository/pkg/repository/repository.go:151.17,153.4 1 1
github.com/tragoedia0722/repository/pkg/repository/repository.go:155.3,156.17 2 1
github.com/tragoedia0722/repository/pkg/repository/repository.go:156.17,158.4 1 0
github.com/tragoedia0722/repository/pkg/repository/repository.go:159.3,159.11 1 1
github.com/tragoedia0722/repository/pkg/repository/repository.go:159.11,161.4 1 1
github.com/tragoedia0722/repository/pkg/repository/repository.go:164.2,164.18 1 1
github.com/tragoedia0722/repository/pkg/repository/repository.go:167.82,169.16 2 1
github.com/tragoedia0722/repository/pkg/repository/repository.go:169.16,171.3 1 1
github.com/tragoedia0722/repository/pkg/repository/repository.go:173.2,174.37 2 1
github.com/tragoedia0722/repository/pkg/repository/repository.go:174.37,176.16 2 1
github.com/tragoedia0722/repository/pkg/repository/repository.go:176.16,178.4 1 1
github.com/tragoedia0722/repository/pkg/repository/repository.go:180.3,181.27 2 1
github.com/tragoedia0722/repository/pkg/repository/repository.go:181.27,183.4 1 0
github.com/tragoedia0722/repository/pkg/repository/repository.go:185.3,185.37 1 1
github.com/tragoedia0722/repository/pkg/repository/repository.go:188.2,188.21 1 1
github.com/tragoedia0722/repository/pkg/repository/repository.go:191.70,193.16 2 1
github.com/tragoedia0722/repository/pkg/repository/repository.go:193.16,195.3 1 1
github.com/tragoedia0722/repository/pkg/repository/repository.go:197.2,197.41 1 1
github.com/tragoedia0722/repository/pkg/extractor/extractor.go:44.89,50.33 4 1
github.com/tragoedia0722/repository/pkg/extractor/extractor.go:50.33,51.17 1 1
github.com/tragoedia0722/repository/pkg/extractor/extractor.go:51.17,53.12 2 1
github.com/tragoedia0722/repository/pkg/extractor/extractor.go:56.3,57.22 2 1
github.com/tragoedia0722/repository/pkg/extractor/extractor.go:57.22,59.4 1 0
github.com/tragoedia0722/repository/pkg/extractor/extractor.go:60.3,60.49 1 1
github.com/tragoedia0722/repository/pkg/extractor/extractor.go:63.2,71.28 2 1
github.com/tragoedia0722/repository/pkg/extractor/extractor.go:71.28,73.5 1 1
github.com/tragoedia0722/repository/pkg/extractor/extractor.go:78.76,81.2 2 1
github.com/tragoedia0722/repository/pkg/extractor/extractor.go:83.74,88.16 4 1
github.com/tragoedia0722/repository/pkg/extractor/extractor.go:88.16,90.3 1 1
github.com/tragoedia0722/repository/pkg/extractor/extractor.go:92.2,93.16 2 1
github.com/tragoedia0722/repository/pkg/extractor/extractor.go:93.16,95.3 1 1
github.com/tragoedia0722/repository/pkg/extractor/extractor.go:97.2,98.16 2 1
github.com/tragoedia0722/repository/pkg/extractor/extractor.go:98.16,100.3 1 0
github.com/tragoedia0722/repository/pkg/extractor/extractor.go:102.2,103.16 2 1
github.com/tragoedia0722/repository/pkg/extractor/extractor.go:103.16,105.3 1 0
github.com/tragoedia0722/repository/pkg/extractor/extractor.go:106.2,108.44 2 1
github.com/tragoedia0722/repository/pkg/extractor/extractor.go:108.44,110.3 1 0
github.com/tragoedia0722/repository/pkg/extractor/extractor.go:112.2,113.16 2 1
github.com/tragoedia0722/repository/pkg/extractor/extractor.go:113.16,115.3 1 1
github.com/tragoedia0722/repository/pkg/extractor/extractor.go:117.2,117.12 1 1
github.com/tragoedia0722/repository/pkg/extractor/extractor.go:120.67,123.25 2 1
github.com/tragoedia0722/repository/pkg/extractor/extractor.go:123.25,125.3 1 1
github.com/tragoedia0722/repository/pkg/extractor/extractor.go:128.53,130.16 2 1
github.com/tragoedia0722/repository/pkg/extractor/extractor.go:130.16,132.3 1 0
github.com/tragoedia0722/repository/pkg/extractor/extractor.go:133.2,134.16 2 1
github.com/tragoedia0722/repository/pkg/extractor/extractor.go:134.16,136.3 1 0
github.com/tragoedia0722/repository/pkg/extractor/extractor.go:138.2,141.93 3 1
github.com/tragoedia0722/repository/pkg/extractor/extractor.go:144.128,145.9 1 1
github.com/tragoedia0722/repository/pkg/extractor/extractor.go:146.20,147.19 1 1
github.com/tragoedia0722/repository/pkg/extractor/extractor.go:148.10,148.10 0 1
github.com/tragoedia0722/repository/pkg/extractor/extractor.go:151.2,151.23 1 1
github.com/tragoedia0722/repository/pkg/extractor/extractor.go:151.23,153.3 1 0
github.com/tragoedia0722/repository/pkg/extractor/extractor.go:155.2,155.42 1 1
github.com/tragoedia0722/repository/pkg/extractor/extractor.go:155.42,156.22 1 1
github.com/tragoedia0722/repository/pkg/extractor/extractor.go:156.22,158.4 1 1
github.com/tragoedia0722/repository/pkg/extractor/extractor.go:160.3,161.16 2 1
github.com/tragoedia0722/repository/pkg/extractor/extractor.go:161.16,163.4 1 0
github.com/tragoedia0722/repository/pkg/extractor/extractor.go:165.3,167.30 2 1
github.com/tragoedia0722/repository/pkg/extractor/extractor.go:167.31,169.4 0 1
github.com/tragoedia0722/repository/pkg/extractor/extractor.go:169.9,170.43 1 1
github.com/tragoedia0722/repository/pkg/extractor/extractor.go:170.43,171.48 1 1
github.com/tragoedia0722/repository/pkg/extractor/extractor.go:171.48,174.6 2 1
github.com/tragoedia0722/repository/pkg/extractor/extractor.go:176.4,176.44 1 1
github.com/tragoedia0722/repository/pkg/extractor/extractor.go:176.44,178.5 1 0
github.com/tragoedia0722/repository/pkg/extractor/extractor.go:180.8,180.32 1 1
github.com/tragoedia0722/repository/pkg/extractor/extractor.go:180.32,182.3 1 0
github.com/tragoedia0722/repository/pkg/extractor/extractor.go:184.2,184.27 1 1
github.com/tragoedia0722/repository/pkg/extractor/extractor.go:185.22,187.40 2 0
github.com/tragoedia0722/repository/pkg/extractor/extractor.go:187.40,189.4 1 0
github.com/tragoedia0722/repository/pkg/extractor/extractor.go:190.3,190.34 1 0
github.com/tragoedia0722/repository/pkg/extractor/extractor.go:192.18,193.64 1 1
github.com/tragoedia0722/repository/pkg/extractor/extractor.go:195.23,196.50 1 1
github.com/tragoedia0722/repository/pkg/extractor/extractor.go:196.50,198.4 1 0
github.com/tragoedia0722/repository/pkg/extractor/extractor.go:199.3,200.80 2 1
github.com/tragoedia0722/repository/pkg/extractor/extractor.go:202.10,203.71 1 0
github.com/tragoedia0722/repository/pkg/extractor/extractor.go:207.78,209.48 2 1
github.com/tragoedia0722/repository/pkg/extractor/extractor.go:209.48,211.3 1 0
github.com/tragoedia0722/repository/pkg/extractor/extractor.go:213.2,216.16 3 1
github.com/tragoedia0722/repository/pkg/extractor/extractor.go:216.16,218.3 1 1
github.com/tragoedia0722/repository/pkg/extractor/extractor.go:219.2,219.22 1 1
github.com/tragoedia0722/repository/pkg/extractor/extractor.go:219.22,221.3 1 0
github.com/tragoedia0722/repository/pkg/extractor/extractor.go:223.2,223.76 1 1
github.com/tragoedia0722/repository/pkg/extractor/extractor.go:223.76,225.3 1 0
github.com/tragoedia0722/repository/pkg/extractor/extractor.go:226.2,227.16 2 1
github.com/tragoedia0722/repository/pkg/extractor/extractor.go:227.16,229.3 1 0
github.com/tragoedia0722/repository/pkg/extractor/extractor.go:231.2,231.25 1 1
github.com/tragoedia0722/repository/pkg/extractor/extractor.go:234.121,236.16 2 1
github.com/tragoedia0722/repository/pkg/extractor/extractor.go:236.16,238.3 1 0
github.com/tragoedia0722/repository/pkg/extractor/extractor.go:240.2,241.15 2 1
github.com/tragoedia0722/repository/pkg/extractor/extractor.go:241.15,242.18 1 1
github.com/tragoedia0722/repository/pkg/extractor/extractor.go:242.18,244.4 1 0
github.com/tragoedia0722/repository/pkg/extractor/extractor.go:245.3,245.20 1 1
github.com/tragoedia0722/repository/pkg/extractor/extractor.go:245.20,247.4 1 0
github.com/tragoedia0722/repository/pkg/extractor/extractor.go:250.2,250.9 1 1
github.com/tragoedia0722/repository/pkg/extractor/extractor.go:251.20,252.19 1 0
github.com/tragoedia0722/repository/pkg/extractor/extractor.go:253.10,253.10 0 1
github.com/tragoedia0722/repository/pkg/extractor/extractor.go:256.2,258.29 1 1
github.com/tragoedia0722/repository/pkg/extractor/extractor.go:258.29,260.4 1 1
github.com/tragoedia0722/repository/pkg/extractor/extractor.go:263.2,267.20 4 1
github.com/tragoedia0722/repository/pkg/extractor/extractor.go:267.20,270.3 2 0
github.com/tragoedia0722/repository/pkg/extractor/extractor.go:272.2,272.35 1 1
github.com/tragoedia0722/repository/pkg/extractor/extractor.go:272.35,275.3 2 0
github.com/tragoedia0722/repository/pkg/extractor/extractor.go:277.2,277.36 1 1
github.com/tragoedia0722/repository/pkg/extractor/extractor.go:277.36,280.3 2 0
github.com/tragoedia0722/repository/pkg/extractor/extractor.go:281.2,283.48 2 1
github.com/tragoedia0722/repository/pkg/extractor/extractor.go:283.48,286.3 2 0
github.com/tragoedia0722/repository/pkg/extractor/extractor.go:288.2,288.12 1 1
github.com/tragoedia0722/repository/pkg/extractor/extractor.go:291.149,292.21 1 1
github.com/tragoedia0722/repository/pkg/extractor/extractor.go:292.21,293.10 1 1
github.com/tragoedia0722/repository/pkg/extractor/extractor.go:294.21,295.20 1 0
github.com/tragoedia0722/repository/pkg/extractor/extractor.go:296.11,296.11 0 1
github.com/tragoedia0722/repository/pkg/extractor/extractor.go:299.3,300.63 2 1
github.com/tragoedia0722/repository/pkg/extractor/extractor.go:300.63,302.4 1 0
github.com/tragoedia0722/repository/pkg/extractor/extractor.go:304.3,306.40 2 1
github.com/tragoedia0722/repository/pkg/extractor/extractor.go:306.40,311.35 4 0
github.com/tragoedia0722/repository/pkg/extractor/extractor.go:311.35,312.34 1 0
github.com/tragoedia0722/repository/pkg/extractor/extractor.go:312.34,313.14 1 0
github.com/tragoedia0722/repository/pkg/extractor/extractor.go:315.5,315.21 1 0
github.com/tragoedia0722/repository/pkg/extractor/extractor.go:315.21,317.6 1 0
github.com/tragoedia0722/repository/pkg/extractor/extractor.go:319.5,320.24 2 0
github.com/tragoedia0722/repository/pkg/extractor/extractor.go:320.24,322.6 1 0
github.com/tragoedia0722/repository/pkg/extractor/extractor.go:323.5,323.51 1 0
github.com/tragoedia0722/repository/pkg/extractor/extractor.go:326.4,326.30 1 0
github.com/tragoedia0722/repository/pkg/extractor/extractor.go:326.30,328.5 1 0
github.com/tragoedia0722/repository/pkg/extractor/extractor.go:330.4,335.56 5 0
github.com/tragoedia0722/repository/pkg/extractor/extractor.go:335.56,337.5 1 0
github.com/tragoedia0722/repository/pkg/extractor/extractor.go:338.9,340.23 2 1
github.com/tragoedia0722/repository/pkg/extractor/extractor.go:340.23,342.5 1 0
github.com/tragoedia0722/repository/pkg/extractor/extractor.go:344.4,345.57 2 1
github.com/tragoedia0722/repository/pkg/extractor/extractor.go:348.3,350.94 2 1
github.com/tragoedia0722/repository/pkg/extractor/extractor.go:350.94,352.4 1 0
github.com/tragoedia0722/repository/pkg/extractor/extractor.go:355.2,355.22 1 1
github.com/tragoedia0722/repository/pkg/extractor/extractor.go:358.64,360.48 2 1
github.com/tragoedia0722/repository/pkg/extractor/extractor.go:360.48,362.3 1 0
github.com/tragoedia0722/repository/pkg/extractor/extractor.go:364.2,364.68 1 1
github.com/tragoedia0722/repository/pkg/extractor/extractor.go:367.45,370.2 2 1
github.com/tragoedia0722/repository/pkg/extractor/extractor.go:372.60,376.2 2 1
github.com/tragoedia0722/repository/pkg/extractor/extractor.go:383.60,385.35 2 1
github.com/tragoedia0722/repository/pkg/extractor/extractor.go:385.35,387.3 1 1
github.com/tragoedia0722/repository/pkg/extractor/extractor.go:389.2,389.8 1 1
github.com/tragoedia0722/repository/pkg/importer/importer.go:71.75,81.2 1 1
github.com/tragoedia0722/repository/pkg/importer/importer.go:83.74,86.2 2 1
github.com/tragoedia0722/repository/pkg/importer/importer.go:88.66,91.25 2 1
github.com/tragoedia0722/repository/pkg/importer/importer.go:91.25,93.3 1 1
github.com/tragoedia0722/repository/pkg/importer/importer.go:96.67,101.25 4 1
github.com/tragoedia0722/repository/pkg/importer/importer.go:101.25,102.46 1 0
github.com/tragoedia0722/repository/pkg/importer/importer.go:102.46,104.4 1 0
github.com/tragoedia0722/repository/pkg/importer/importer.go:104.9,106.4 1 0
github.com/tragoedia0722/repository/pkg/importer/importer.go:109.2,113.16 4 1
github.com/tragoedia0722/repository/pkg/importer/importer.go:113.16,115.3 1 1
github.com/tragoedia0722/repository/pkg/importer/importer.go:117.2,118.16 2 1
github.com/tragoedia0722/repository/pkg/importer/importer.go:118.16,120.3 1 0
github.com/tragoedia0722/repository/pkg/importer/importer.go:122.2,123.16 2 1
github.com/tragoedia0722/repository/pkg/importer/importer.go:123.16,125.3 1 0
github.com/tragoedia0722/repository/pkg/importer/importer.go:126.2,129.16 3 1
github.com/tragoedia0722/repository/pkg/importer/importer.go:129.16,131.3 1 1
github.com/tragoedia0722/repository/pkg/importer/importer.go:133.2,133.47 1 1
github.com/tragoedia0722/repository/pkg/importer/importer.go:133.47,135.3 1 0
github.com/tragoedia0722/repository/pkg/importer/importer.go:137.2,137.21 1 1
github.com/tragoedia0722/repository/pkg/importer/importer.go:137.21,138.51 1 1
github.com/tragoedia0722/repository/pkg/importer/importer.go:138.51,140.4 1 0
github.com/tragoedia0722/repository/pkg/importer/importer.go:141.8,143.3 1 0
github.com/tragoedia0722/repository/pkg/importer/importer.go:145.2,146.107 2 1
github.com/tragoedia0722/repository/pkg/importer/importer.go:146.107,148.3 1 1
github.com/tragoedia0722/repository/pkg/importer/importer.go:148.41,150.3 1 0
github.com/tragoedia0722/repository/pkg/importer/importer.go:152.2,153.43 2 1
github.com/tragoedia0722/repository/pkg/importer/importer.go:153.43,156.3 2 1
github.com/tragoedia0722/repository/pkg/importer/importer.go:157.2,162.29 4 1
github.com/tragoedia0722/repository/pkg/importer/importer.go:162.29,165.25 2 1
github.com/tragoedia0722/repository/pkg/importer/importer.go:165.25,168.4 2 0
github.com/tragoedia0722/repository/pkg/importer/importer.go:171.2,171.21 1 1
github.com/tragoedia0722/repository/pkg/importer/importer.go:171.21,173.3 1 1
github.com/tragoedia0722/repository/pkg/importer/importer.go:175.2,181.8 1 1
github.com/tragoedia0722/repository/pkg/importer/importer.go:184.59,188.31 3 1
github.com/tragoedia0722/repository/pkg/importer/importer.go:188.31,190.3 1 1
github.com/tragoedia0722/repository/pkg/importer/importer.go:192.2,197.3 2 1
github.com/tragoedia0722/repository/pkg/importer/importer.go:200.79,202.16 2 1
github.com/tragoedia0722/repository/pkg/importer/importer.go:202.16,204.3 1 1
github.com/tragoedia0722/repository/pkg/importer/importer.go:206.2,206.19 1 1
github.com/tragoedia0722/repository/pkg/importer/importer.go:206.19,208.16 2 1
github.com/tragoedia0722/repository/pkg/importer/importer.go:208.16,210.4 1 0
github.com/tragoedia0722/repository/pkg/importer/importer.go:212.3,214.25 3 1
github.com/tragoedia0722/repository/pkg/importer/importer.go:214.25,216.4 1 0
github.com/tragoedia0722/repository/pkg/importer/importer.go:218.3,222.47 2 1
github.com/tragoedia0722/repository/pkg/importer/importer.go:225.2,226.16 2 1
github.com/tragoedia0722/repository/pkg/importer/importer.go:226.16,228.3 1 1
github.com/tragoedia0722/repository/pkg/importer/importer.go:230.2,234.25 4 1
github.com/tragoedia0722/repository/pkg/importer/importer.go:234.25,236.16 2 0
github.com/tragoedia0722/repository/pkg/importer/importer.go:236.16,238.4 1 0
github.com/tragoedia0722/repository/pkg/importer/importer.go:238.9,240.4 1 0
github.com/tragoedia0722/repository/pkg/importer/importer.go:243.2,249.9 2 1
github.com/tragoedia0722/repository/pkg/importer/importer.go:257.61,259.35 2 1
github.com/tragoedia0722/repository/pkg/importer/importer.go:259.35,261.3 1 1
github.com/tragoedia0722/repository/pkg/importer/importer.go:263.2,263.8 1 1
github.com/tragoedia0722/repository/pkg/importer/importer.go:266.90,267.57 1 1
github.com/tragoedia0722/repository/pkg/importer/importer.go:267.57,269.3 1 1
github.com/tragoedia0722/repository/pkg/importer/importer.go:271.2,272.16 2 1
github.com/tragoedia0722/repository/pkg/importer/importer.go:272.16,274.3 1 0
github.com/tragoedia0722/repository/pkg/importer/importer.go:276.2,280.38 4 1
github.com/tragoedia0722/repository/pkg/importer/importer.go:280.38,282.3 1 0
github.com/tragoedia0722/repository/pkg/importer/importer.go:284.2,285.12 2 1
github.com/tragoedia0722/repository/pkg/importer/importer.go:285.12,287.16 2 0
github.com/tragoedia0722/repository/pkg/importer/importer.go:287.16,289.4 1 0
github.com/tragoedia0722/repository/pkg/importer/importer.go:291.3,291.25 1 0
github.com/tragoedia0722/repository/pkg/importer/importer.go:291.25,293.4 1 0
github.com/tragoedia0722/repository/pkg/importer/importer.go:295.3,296.17 2 0
github.com/tragoedia0722/repository/pkg/importer/importer.go:296.17,298.4 1 0
github.com/tragoedia0722/repository/pkg/importer/importer.go:301.2,301.34 1 1
github.com/tragoedia0722/repository/pkg/importer/importer.go:301.34,303.3 1 0
github.com/tragoedia0722/repository/pkg/importer/importer.go:305.2,305.25 1 1
github.com/tragoedia0722/repository/pkg/importer/importer.go:308.100,309.9 1 1
github.com/tragoedia0722/repository/pkg/importer/importer.go:310.20,312.19 2 1
github.com/tragoedia0722/repository/pkg/importer/importer.go:313.10,313.10 0 1
github.com/tragoedia0722/repository/pkg/importer/importer.go:316.2,316.23 1 1
github.com/tragoedia0722/repository/pkg/importer/importer.go:316.23,318.3 1 0
github.com/tragoedia0722/repository/pkg/importer/importer.go:320.2,320.15 1 1
github.com/tragoedia0722/repository/pkg/importer/importer.go:320.15,322.3 1 1
github.com/tragoedia0722/repository/pkg/importer/importer.go:324.2,324.36 1 1
github.com/tragoedia0722/repository/pkg/importer/importer.go:324.36,326.17 2 0
github.com/tragoedia0722/repository/pkg/importer/importer.go:326.17,328.4 1 0
github.com/tragoedia0722/repository/pkg/importer/importer.go:330.3,330.45 1 0
github.com/tragoedia0722/repository/pkg/importer/importer.go:330.45,332.4 1 0
github.com/tragoedia0722/repository/pkg/importer/importer.go:334.3,334.20 1 0
github.com/tragoedia0722/repository/pkg/importer/importer.go:337.2,339.27 2 1
github.com/tragoedia0722/repository/pkg/importer/importer.go:340.23,341.43 1 1
github.com/tragoedia0722/repository/pkg/importer/importer.go:342.22,343.39 1 0
github.com/tragoedia0722/repository/pkg/importer/importer.go:344.18,345.36 1 1
github.com/tragoedia0722/repository/pkg/importer/importer.go:346.10,347.41 1 0
github.com/tragoedia0722/repository/pkg/importer/importer.go:351.106,352.32 1 1
github.com/tragoedia0722/repository/pkg/importer/importer.go:352.32,354.17 2 1
github.com/tragoedia0722/repository/pkg/importer/importer.go:354.17,356.4 1 0
github.com/tragoedia0722/repository/pkg/importer/importer.go:358.3,363.17 2 1
github.com/tragoedia0722/repository/pkg/importer/importer.go:363.17,365.4 1 0
github.com/tragoedia0722/repository/pkg/importer/importer.go:368.2,369.16 2 1
github.com/tragoedia0722/repository/pkg/importer/importer.go:369.16,370.10 1 1
github.com/tragoedia0722/repository/pkg/importer/importer.go:371.21,372.20 1 0
github.com/tragoedia0722/repository/pkg/importer/importer.go:373.11,373.11 0 1
github.com/tragoedia0722/repository/pkg/importer/importer.go:376.3,379.22 3 1
github.com/tragoedia0722/repository/pkg/importer/importer.go:379.22,380.54 1 0
github.com/tragoedia0722/repository/pkg/importer/importer.go:380.54,382.5 1 0
github.com/tragoedia0722/repository/pkg/importer/importer.go:382.10,384.18 2 0
github.com/tragoedia0722/repository/pkg/importer/importer.go:384.18,386.6 1 0
github.com/tragoedia0722/repository/pkg/importer/importer.go:386.11,388.6 1 0
github.com/tragoedia0722/repository/pkg/importer/importer.go:392.3,393.71 2 1
github.com/tragoedia0722/repository/pkg/importer/importer.go:393.71,395.4 1 0
github.com/tragoedia0722/repository/pkg/importer/importer.go:398.2,398.17 1 1
github.com/tragoedia0722/repository/pkg/importer/importer.go:401.91,403.16 2 0
github.com/tragoedia0722/repository/pkg/importer/importer.go:403.16,405.3 1 0
github.com/tragoedia0722/repository/pkg/importer/importer.go:407.2,408.58 2 0
github.com/tragoedia0722/repository/pkg/importer/importer.go:408.58,410.3 1 0
github.com/tragoedia0722/repository/pkg/importer/importer.go:412.2,412.53 1 0
github.com/tragoedia0722/repository/pkg/importer/importer.go:412.53,414.3 1 0
github.com/tragoedia0722/repository/pkg/importer/importer.go:416.2,416.37 1 0
github.com/tragoedia0722/repository/pkg/importer/importer.go:419.87,421.16 2 1
github.com/tragoedia0722/repository/pkg/importer/importer.go:421.16,423.3 1 0
github.com/tragoedia0722/repository/pkg/importer/importer.go:425.2,426.16 2 1
github.com/tragoedia0722/repository/pkg/importer/importer.go:426.16,428.3 1 0
github.com/tragoedia0722/repository/pkg/importer/importer.go:430.2,431.23 2 1
github.com/tragoedia0722/repository/pkg/importer/importer.go:431.23,433.16 2 0
github.com/tragoedia0722/repository/pkg/importer/importer.go:433.16,435.4 1 0
github.com/tragoedia0722/repository/pkg/importer/importer.go:435.9,437.4 1 0
github.com/tragoedia0722/repository/pkg/importer/importer.go:440.2,447.29 2 1
github.com/tragoedia0722/repository/pkg/importer/importer.go:447.29,449.4 1 1
github.com/tragoedia0722/repository/pkg/importer/importer.go:452.2,453.16 2 1
github.com/tragoedia0722/repository/pkg/importer/importer.go:453.16,455.3 1 0
github.com/tragoedia0722/repository/pkg/importer/importer.go:457.2,457.37 1 1
github.com/tragoedia0722/repository/pkg/importer/importer.go:460.84,461.9 1 1
github.com/tragoedia0722/repository/pkg/importer/importer.go:462.20,463.24 1 0
github.com/tragoedia0722/repository/pkg/importer/importer.go:464.10,464.10 0 1
github.com/tragoedia0722/repository/pkg/importer/importer.go:467.2,478.16 4 1
github.com/tragoedia0722/repository/pkg/importer/importer.go:478.16,480.3 1 0
github.com/tragoedia0722/repository/pkg/importer/importer.go:482.2,483.16 2 1
github.com/tragoedia0722/repository/pkg/importer/importer.go:483.16,485.3 1 0
github.com/tragoedia0722/repository/pkg/importer/importer.go:487.2,487.36 1 1
github.com/tragoedia0722/repository/pkg/importer/importer.go:490.90,491.20 1 1
github.com/tragoedia0722/repository/pkg/importer/importer.go:491.20,493.3 1 0
github.com/tragoedia0722/repository/pkg/importer/importer.go:495.2,496.16 2 1
github.com/tragoedia0722/repository/pkg/importer/importer.go:496.16,498.3 1 0
github.com/tragoedia0722/repository/pkg/importer/importer.go:500.2,501.16 2 1
github.com/tragoedia0722/repository/pkg/importer/importer.go:501.16,508.49 2 1
github.com/tragoedia0722/repository/pkg/importer/importer.go:508.49,510.4 1 0
github.com/tragoedia0722/repository/pkg/importer/importer.go:513.2,513.40 1 1
github.com/tragoedia0722/repository/pkg/importer/importer.go:516.70,517.21 1 1
github.com/tragoedia0722/repository/pkg/importer/importer.go:517.21,519.3 1 1
github.com/tragoedia0722/repository/pkg/importer/importer.go:521.2,522.64 2 1
github.com/tragoedia0722/repository/pkg/importer/importer.go:522.64,524.3 1 0
github.com/tragoedia0722/repository/pkg/importer/importer.go:526.2,527.16 2 1
github.com/tragoedia0722/repository/pkg/importer/importer.go:527.16,529.3 1 0
github.com/tragoedia0722/repository/pkg/importer/importer.go:531.2,532.22 2 1
